-------------------------------------------------------------------------------
Test set: TestSuite
-------------------------------------------------------------------------------
Tests run: 9, Failures: 2, Errors: 0, Skipped: 0, Time elapsed: 8.746 s <<< FAILURE! - in TestSuite
CanAddNumbersFromGivenData(com.tests.CalcTest)  Time elapsed: 0.011 s  <<< FAILURE!
java.lang.AssertionError: expected [4] but found [5]
	at com.tests.CalcTest.CanAddNumbersFromGivenData(CalcTest.java:30)

CanDoStuff(com.tests.CalcTest)  Time elapsed: 0 s  <<< FAILURE!
java.lang.AssertionError: did not expect [true] but found [true]
	at com.tests.CalcTest.CanDoStuff(CalcTest.java:77)

