<?xml version="1.0" encoding="UTF-8"?>
<testsuite xmlns:xsi="http://www.w3.org/2001/XMLSchema-instance" xsi:noNamespaceSchemaLocation="https://maven.apache.org/surefire/maven-surefire-plugin/xsd/surefire-test-report.xsd" name="TestSuite" time="8.746" tests="9" errors="0" skipped="0" failures="2">
  <properties>
[...]
</properties>
  <testcase name="CanAddNumbers" classname="com.tests.CalcTest" time="0.008"/>
  <testcase name="CanAddNumbersFromGivenData" classname="com.tests.CalcTest" time="0.001"/>
  <testcase name="CanAddNumbersFromGivenData" classname="com.tests.CalcTest" time="0.011">
    <failure message="expected [4] but found [5]" type="java.lang.AssertionError">java.lang.AssertionError: expected [4] but found [5]
	at com.tests.CalcTest.CanAddNumbersFromGivenData(CalcTest.java:30)
</failure>
  </testcase>
  <testcase name="CanAddNumbersFromGivenData" classname="com.tests.CalcTest" time="0"/>
  <testcase name="CanDivide" classname="com.tests.CalcTest" time="0"/>
  <testcase name="CanDoStuff" classname="com.tests.CalcTest" time="0">
    <failure message="did not expect [true] but found [true]" type="java.lang.AssertionError">java.lang.AssertionError: did not expect [true] but found [true]
	at com.tests.CalcTest.CanDoStuff(CalcTest.java:77)
</failure>
  </testcase>
  <testcase name="CanMultiplyX" classname="com.tests.CalcTest" time="0"/>
  <testcase name="CanSubtract" classname="com.tests.CalcTest" time="0"/>
  <testcase name="verifyHomepageTitle" classname="com.tests.SampleTest" time="5.065"/>
</testsuite>